<?xml version="1.0" encoding="UTF-8"?>
<!-- Generated by org.testng.reporters.JUnitReportReporter -->
<testsuite hostname="BLRRIDGWD21061" name="com.framework.tests.itconepoint.smoke.TimeSheetReport" tests="1" failures="0" timestamp="6 Oct 2015 11:17:04 GMT" time="9.163" errors="0">
  <testcase name="Test_01_OnePointReportGeneration" time="9.163" classname="com.framework.tests.itconepoint.smoke.TimeSheetReport"/>
</testsuite> <!-- com.framework.tests.itconepoint.smoke.TimeSheetReport -->
